2022-12-01 08:20:59,044 - simpleLogger - INFO - File created successfuly
2022-12-01 08:23:05,855 - simpleLogger - INFO - File created successfuly
2022-12-01 08:26:59,116 - simpleLogger - INFO - File created successfuly
2022-12-01 09:07:25,371 - simpleLogger - INFO - File successfuly created
2022-12-01 12:43:37,067 - simpleLogger - INFO - File successfuly created
2022-12-01 12:45:33,832 - simpleLogger - INFO - File successfuly created
2022-12-01 12:47:29,286 - simpleLogger - INFO - File successfuly created
2022-12-01 12:50:22,174 - simpleLogger - INFO - File successfuly created
2022-12-01 12:50:26,765 - simpleLogger - INFO - File successfuly created
2022-12-01 12:50:31,922 - simpleLogger - INFO - File successfuly created
2022-12-01 12:50:33,360 - simpleLogger - INFO - File successfuly created
2022-12-01 12:53:13,928 - simpleLogger - INFO - File successfuly created
2022-12-01 12:53:15,279 - simpleLogger - INFO - File successfuly created
2022-12-01 12:53:18,093 - simpleLogger - INFO - File successfuly created
2022-12-01 12:53:21,857 - simpleLogger - INFO - File successfuly created
2022-12-01 12:53:23,948 - simpleLogger - INFO - File successfuly created
2022-12-02 18:16:14,756 - simpleLogger - ERROR - Error File not found: <class 'FileNotFoundError'>
2022-12-02 18:19:25,094 - simpleLogger - ERROR - Error File not found: <class 'FileNotFoundError'>
2022-12-02 18:19:43,591 - simpleLogger - INFO - File successfuly created
2022-12-02 18:23:06,924 - simpleLogger - ERROR - Error File not found, directory had been created: <class 'FileNotFoundError'>
2022-12-02 18:23:56,837 - simpleLogger - ERROR - Error File not found, directory had been created: <class 'FileNotFoundError'>
2022-12-02 18:24:43,040 - simpleLogger - ERROR - Error File not found, directory had been created: <class 'FileNotFoundError'>
2022-12-02 18:25:28,093 - simpleLogger - ERROR - Error File not found, directory had been created: <class 'FileNotFoundError'>
2022-12-02 18:25:53,939 - simpleLogger - INFO - File successfuly created
'2022-12-05T18:12' - api - INFO - Starting FastApi
'2022-12-05T19:12' - api - INFO - Starting FastApi
'2022-12-05T19:12' - api - INFO - Return path of file
'2022-12-06T09:12' - api - INFO - Starting FastApi
'2022-12-06T09:12' - api - INFO - Starting FastApi
'2022-12-06T09:12' - api - ERROR - Starting FastApi in Error
'2022-12-06T09:12' - api - INFO - Return path of file
'2022-12-06T09:12' - api - CRITICAL - Desde Critical
'2022-12-06T09:12' - api - INFO - Starting FastApi
'2022-12-06T09:12' - api - INFO - Starting FastApi
'2022-12-06T09:12' - api - INFO - Return path of file
'2022-12-06T09:12' - api - CRITICAL - Desde Critical
'2022-12-06T10:12' - api - INFO - Return path of file
'2022-12-06T10:12' - api - CRITICAL - Desde Critical
'2022-12-06T10:12' - api - INFO - Return path of file
'2022-12-06T10:12' - api - CRITICAL - Desde Critical
'2022-12-06T10:03' - api - INFO - Starting FastApi
'2022-12-06T10:04' - api - INFO - Return path of file
'2022-12-06T10:04' - api - CRITICAL - Desde Critical
'2022-12-06T10:48' - db - INFO - Query executed successfully: SELECT *  FROM products;
'2022-12-06T10:49' - db - ERROR - Failed to execute query:SELECT *  FROM product;. Exception: (psycopg2.errors.UndefinedTable) relation "product" does not exist
LINE 1: SELECT *  FROM product;
                       ^

[SQL: SELECT *  FROM product;]
(Background on this error at: https://sqlalche.me/e/14/f405)
